<?xml version="1.0" encoding="UTF-8"?>
<testng-results ignored="0" total="1" passed="1" failed="0" skipped="0">
  <reporter-output>
  </reporter-output>
  <suite started-at="2022-11-23T15:51:22 EST" name="Suite" finished-at="2022-11-23T15:51:22 EST" duration-ms="96">
    <groups>
    </groups>
    <test started-at="2022-11-23T15:51:22 EST" name="Test" finished-at="2022-11-23T15:51:22 EST" duration-ms="96">
      <class name="PracticePackage.FirstTest">
        <test-method signature="demo()[pri:0, instance:PracticePackage.FirstTest@26275bef]" started-at="2022-11-23T15:51:22 EST" name="demo" finished-at="2022-11-23T15:51:22 EST" duration-ms="17" status="PASS">
          <reporter-output>
          </reporter-output>
        </test-method> <!-- demo -->
      </class> <!-- PracticePackage.FirstTest -->
    </test> <!-- Test -->
  </suite> <!-- Suite -->
</testng-results>
