<?xml version="1.0" encoding="UTF-8"?>
<testng-results ignored="0" total="2" passed="2" failed="0" skipped="0">
  <reporter-output>
  </reporter-output>
  <suite started-at="2022-11-23T16:29:59 EST" name="Default suite" finished-at="2022-11-23T16:29:59 EST" duration-ms="81">
    <groups>
    </groups>
    <test started-at="2022-11-23T16:29:59 EST" name="Default test" finished-at="2022-11-23T16:29:59 EST" duration-ms="81">
      <class name="PracticePackage.SampleTest">
        <test-method signature="script1()[pri:0, instance:PracticePackage.SampleTest@7690781]" started-at="2022-11-23T16:29:59 EST" name="script1" finished-at="2022-11-23T16:29:59 EST" duration-ms="18" status="PASS">
          <reporter-output>
          </reporter-output>
        </test-method> <!-- script1 -->
        <test-method signature="script2()[pri:0, instance:PracticePackage.SampleTest@7690781]" started-at="2022-11-23T16:29:59 EST" name="script2" finished-at="2022-11-23T16:29:59 EST" duration-ms="3" status="PASS">
          <reporter-output>
          </reporter-output>
        </test-method> <!-- script2 -->
      </class> <!-- PracticePackage.SampleTest -->
    </test> <!-- Default test -->
  </suite> <!-- Default suite -->
</testng-results>
